<?xml version="1.0" encoding="UTF-8"?>
<testng-results skipped="0" failed="0" ignored="0" total="2" passed="2">
  <reporter-output>
  </reporter-output>
  <suite name="Suite" duration-ms="25807" started-at="2020-09-01T07:05:28Z" finished-at="2020-09-01T07:05:54Z">
    <groups>
    </groups>
    <test name="Test" duration-ms="25807" started-at="2020-09-01T07:05:28Z" finished-at="2020-09-01T07:05:54Z">
      <class name="com.stc.SepE2E20_Z1.EnterUserName">
        <test-method status="PASS" signature="f()[pri:0, instance:com.stc.SepE2E20_Z1.EnterUserName@276438c9]" name="f" duration-ms="13835" started-at="2020-09-01T07:05:40Z" finished-at="2020-09-01T07:05:54Z">
          <reporter-output>
          </reporter-output>
        </test-method> <!-- f -->
      </class> <!-- com.stc.SepE2E20_Z1.EnterUserName -->
      <class name="com.stc.SepE2E20_Z1.LaunchBrowser">
        <test-method status="PASS" signature="f()[pri:0, instance:com.stc.SepE2E20_Z1.LaunchBrowser@40f08448]" name="f" duration-ms="11927" started-at="2020-09-01T07:05:28Z" finished-at="2020-09-01T07:05:40Z">
          <reporter-output>
          </reporter-output>
        </test-method> <!-- f -->
      </class> <!-- com.stc.SepE2E20_Z1.LaunchBrowser -->
    </test> <!-- Test -->
  </suite> <!-- Suite -->
</testng-results>
